Building DAG of jobs...
Using shell: /usr/bin/bash
Provided cores: 2
Rules claiming more threads will be scaled down.
Job stats:
job                  count    min threads    max threads
-----------------  -------  -------------  -------------
all                      1              1              1
createfasta              1              1              1
dmsp                     1              1              1
insilicodigestion        1              1              1
total                    4              1              1

Select jobs to execute...

[Wed Aug 21 11:15:15 2024]
rule insilicodigestion:
    input: data/ts.fasta
    output: data/ts_trypsin_digestion.txt
    jobid: 3
    reason: Missing output files: data/ts_trypsin_digestion.txt
    wildcards: sample=ts
    resources: tmpdir=/tmp

Activating conda environment: deepmspeptide2
[Wed Aug 21 11:15:17 2024]
Finished job 3.
1 of 4 steps (25%) done
Select jobs to execute...

[Wed Aug 21 11:15:17 2024]
rule dmsp:
    input: data/ts_trypsin_digestion.txt, model/model_2_1D.h5
    output: data/ts_trypsin_digestion.Predictions.txt
    jobid: 2
    reason: Missing output files: data/ts_trypsin_digestion.Predictions.txt; Input files updated by another job: data/ts_trypsin_digestion.txt
    wildcards: sample=ts
    resources: tmpdir=/tmp

Activating conda environment: deepmspeptide2
[Wed Aug 21 11:15:19 2024]
Finished job 2.
2 of 4 steps (50%) done
Select jobs to execute...

[Wed Aug 21 11:15:19 2024]
rule createfasta:
    input: data/ts_trypsin_digestion.Predictions.txt
    output: reducedfasta/ts_filtered.fasta
    jobid: 1
    reason: Missing output files: reducedfasta/ts_filtered.fasta; Input files updated by another job: data/ts_trypsin_digestion.Predictions.txt
    wildcards: sample=ts
    resources: tmpdir=/tmp

Activating conda environment: deepmspeptide2
[Wed Aug 21 11:15:19 2024]
Finished job 1.
3 of 4 steps (75%) done
Select jobs to execute...

[Wed Aug 21 11:15:19 2024]
localrule all:
    input: reducedfasta/ts_filtered.fasta
    jobid: 0
    reason: Input files updated by another job: reducedfasta/ts_filtered.fasta
    resources: tmpdir=/tmp

[Wed Aug 21 11:15:19 2024]
Finished job 0.
4 of 4 steps (100%) done
Complete log: .snakemake/log/2024-08-21T111515.399396.snakemake.log
