Building DAG of jobs...
Using shell: /usr/bin/bash
Provided cores: 4
Rules claiming more threads will be scaled down.
Job stats:
job                  count    min threads    max threads
-----------------  -------  -------------  -------------
all                      1              1              1
createfasta              1              1              1
dmsp                     1              1              1
insilicodigestion        1              1              1
total                    4              1              1

Select jobs to execute...

[Wed Aug 21 10:23:46 2024]
rule insilicodigestion:
    input: data/uniprotkb_Escherichia_coli_K_12.fasta
    output: data/uniprotkb_Escherichia_coli_K_12_trypsin_digestion.txt
    jobid: 3
    reason: Missing output files: data/uniprotkb_Escherichia_coli_K_12_trypsin_digestion.txt
    wildcards: sample=uniprotkb_Escherichia_coli_K_12
    resources: tmpdir=/tmp

Activating conda environment: deepmspeptide2
[Wed Aug 21 10:23:49 2024]
Finished job 3.
1 of 4 steps (25%) done
Select jobs to execute...

[Wed Aug 21 10:23:49 2024]
rule dmsp:
    input: data/uniprotkb_Escherichia_coli_K_12_trypsin_digestion.txt, model/model_2_1D.h5
    output: data/uniprotkb_Escherichia_coli_K_12_trypsin_digestion.Predictions.txt
    jobid: 2
    reason: Missing output files: data/uniprotkb_Escherichia_coli_K_12_trypsin_digestion.Predictions.txt; Input files updated by another job: data/uniprotkb_Escherichia_coli_K_12_trypsin_digestion.txt
    wildcards: sample=uniprotkb_Escherichia_coli_K_12
    resources: tmpdir=/tmp

Activating conda environment: deepmspeptide2
[Wed Aug 21 10:24:42 2024]
Finished job 2.
2 of 4 steps (50%) done
Select jobs to execute...

[Wed Aug 21 10:24:42 2024]
rule createfasta:
    input: data/uniprotkb_Escherichia_coli_K_12_trypsin_digestion.Predictions.txt
    output: reducedfasta/uniprotkb_Escherichia_coli_K_12_filtered.fasta
    jobid: 1
    reason: Missing output files: reducedfasta/uniprotkb_Escherichia_coli_K_12_filtered.fasta; Input files updated by another job: data/uniprotkb_Escherichia_coli_K_12_trypsin_digestion.Predictions.txt
    wildcards: sample=uniprotkb_Escherichia_coli_K_12
    resources: tmpdir=/tmp

Activating conda environment: deepmspeptide2
[Wed Aug 21 10:24:43 2024]
Finished job 1.
3 of 4 steps (75%) done
Select jobs to execute...

[Wed Aug 21 10:24:43 2024]
localrule all:
    input: reducedfasta/uniprotkb_Escherichia_coli_K_12_filtered.fasta
    jobid: 0
    reason: Input files updated by another job: reducedfasta/uniprotkb_Escherichia_coli_K_12_filtered.fasta
    resources: tmpdir=/tmp

[Wed Aug 21 10:24:43 2024]
Finished job 0.
4 of 4 steps (100%) done
Complete log: .snakemake/log/2024-08-21T102345.671273.snakemake.log
