Building DAG of jobs...
Using shell: /usr/bin/bash
Provided cores: 4
Rules claiming more threads will be scaled down.
Job stats:
job                  count    min threads    max threads
-----------------  -------  -------------  -------------
all                      1              1              1
createfasta              1              1              1
dmsp                     1              1              1
insilicodigestion        1              1              1
total                    4              1              1

Select jobs to execute...

[Wed Aug 28 11:29:51 2024]
rule insilicodigestion:
    input: data/4MUM_DB.fasta
    output: data/4MUM_DB_trypsin_digestion.txt
    jobid: 3
    reason: Missing output files: data/4MUM_DB_trypsin_digestion.txt
    wildcards: sample=4MUM_DB
    resources: tmpdir=/tmp

Activating conda environment: deepmspeptide2
[Wed Aug 28 11:29:53 2024]
Finished job 3.
1 of 4 steps (25%) done
Select jobs to execute...

[Wed Aug 28 11:29:53 2024]
rule dmsp:
    input: data/4MUM_DB_trypsin_digestion.txt, model/model_2_1D.h5
    output: data/4MUM_DB_trypsin_digestion.Predictions.txt
    jobid: 2
    reason: Missing output files: data/4MUM_DB_trypsin_digestion.Predictions.txt; Input files updated by another job: data/4MUM_DB_trypsin_digestion.txt
    wildcards: sample=4MUM_DB
    resources: tmpdir=/tmp

Activating conda environment: deepmspeptide2
Terminating processes on user request, this might take some time.
[Wed Aug 28 11:30:29 2024]
Error in rule dmsp:
    jobid: 2
    input: data/4MUM_DB_trypsin_digestion.txt, model/model_2_1D.h5
    output: data/4MUM_DB_trypsin_digestion.Predictions.txt
    conda-env: deepmspeptide2
    shell:
        python scripts/dmsp.py data/4MUM_DB_trypsin_digestion.txt data/4MUM_DB_trypsin_digestion.Predictions.txt
        (one of the commands exited with non-zero exit code; note that snakemake uses bash strict mode!)

Complete log: .snakemake/log/2024-08-28T112949.647765.snakemake.log
